<?xml version="1.0" encoding="UTF-8"?>
<!-- Generated by org.testng.reporters.JUnitXMLReporter -->
<testsuite ignored="0" hostname="Sumair" failures="0" tests="5" name="Default test" time="20.672" errors="0" timestamp="2025-09-04T13:50:57 IST">
  <testcase classname="searchbar.SearchBarTests" name="searchByName" time="1.47"/>
  <testcase classname="searchbar.SearchBarTests" name="searchByPhone" time="1.338"/>
  <testcase classname="searchbar.SearchBarTests" name="searchByService" time="0.53"/>
  <testcase classname="searchbar.SearchBarTests" name="searchByTaskId" time="0.533"/>
  <testcase classname="searchbar.SearchBarTests" name="clearSearchButtonTest" time="1.585"/>
</testsuite> <!-- Default test -->
