<?xml version="1.0" encoding="UTF-8"?>
<!-- Generated by org.testng.reporters.JUnitXMLReporter -->
<testsuite ignored="0" hostname="Sumair" failures="0" tests="18" name="Test" time="62.662" errors="0" timestamp="2025-09-04T13:52:39 IST">
  <testcase classname="login.LoginTests" name="validLogin" time="0.978"/>
  <testcase classname="login.LoginTests" name="invalidLogin" time="0.488"/>
  <testcase classname="login.LoginTests" name="logoutTest" time="1.943"/>
  <testcase classname="searchbar.SearchBarTests" name="searchByName" time="1.28"/>
  <testcase classname="searchbar.SearchBarTests" name="searchByPhone" time="0.517"/>
  <testcase classname="searchbar.SearchBarTests" name="searchByService" time="0.502"/>
  <testcase classname="searchbar.SearchBarTests" name="searchByTaskId" time="1.261"/>
  <testcase classname="searchbar.SearchBarTests" name="clearSearchButtonTest" time="1.778"/>
  <testcase classname="dashboard.DashBoardTests" name="totalCustomersWidgetRedirects" time="1.185"/>
  <testcase classname="dashboard.DashBoardTests" name="tasksWidgetRedirects" time="0.445"/>
  <testcase classname="dashboard.DashBoardTests" name="employeesWidgetRedirects" time="1.306"/>
  <testcase classname="dashboard.DashBoardTests" name="paymentsWidgetRedirects" time="1.354"/>
  <testcase classname="navigationmenu.NavigationMenuTests" name="navigateToNewLeads" time="1.246"/>
  <testcase classname="navigationmenu.NavigationMenuTests" name="navigateToAllLeads" time="1.24"/>
  <testcase classname="navigationmenu.NavigationMenuTests" name="navigateToCustomers" time="1.314"/>
  <testcase classname="navigationmenu.NavigationMenuTests" name="navigateToAddServices" time="1.305"/>
  <testcase classname="navigationmenu.NavigationMenuTests" name="navigateToAddEmployee" time="0.408"/>
  <testcase classname="navigationmenu.NavigationMenuTests" name="navigateToAddTask" time="1.293"/>
</testsuite> <!-- Test -->
