<?xml version="1.0" encoding="UTF-8"?>
<testng-results ignored="0" total="18" passed="18" failed="0" skipped="0">
  <reporter-output>
  </reporter-output>
  <suite started-at="2025-09-04T13:51:36 IST" name="Suite" finished-at="2025-09-04T13:52:39 IST" duration-ms="62662">
    <groups>
    </groups>
    <test started-at="2025-09-04T13:51:36 IST" name="Test" finished-at="2025-09-04T13:52:39 IST" duration-ms="62662">
      <class name="searchbar.SearchBarTests">
        <test-method is-config="true" signature="beforeAllTest()[pri:0, instance:searchbar.SearchBarTests@1f760b47]" started-at="2025-09-04T13:51:37 IST" name="beforeAllTest" finished-at="2025-09-04T13:51:37 IST" duration-ms="2" status="PASS">
          <reporter-output>
          </reporter-output>
        </test-method> <!-- beforeAllTest -->
        <test-method is-config="true" signature="start()[pri:0, instance:searchbar.SearchBarTests@1f760b47]" started-at="2025-09-04T13:51:46 IST" name="start" finished-at="2025-09-04T13:51:48 IST" duration-ms="1931" status="PASS">
          <reporter-output>
          </reporter-output>
        </test-method> <!-- start -->
        <test-method signature="searchByName()[pri:1, instance:searchbar.SearchBarTests@1f760b47]" started-at="2025-09-04T13:51:48 IST" name="searchByName" finished-at="2025-09-04T13:51:50 IST" duration-ms="1280" status="PASS">
          <reporter-output>
          </reporter-output>
        </test-method> <!-- searchByName -->
        <test-method is-config="true" signature="close()[pri:0, instance:searchbar.SearchBarTests@1f760b47]" started-at="2025-09-04T13:51:50 IST" name="close" finished-at="2025-09-04T13:51:50 IST" duration-ms="156" status="PASS">
          <reporter-output>
          </reporter-output>
        </test-method> <!-- close -->
        <test-method is-config="true" signature="start()[pri:0, instance:searchbar.SearchBarTests@1f760b47]" started-at="2025-09-04T13:51:50 IST" name="start" finished-at="2025-09-04T13:51:53 IST" duration-ms="2905" status="PASS">
          <reporter-output>
          </reporter-output>
        </test-method> <!-- start -->
        <test-method signature="searchByPhone()[pri:2, instance:searchbar.SearchBarTests@1f760b47]" started-at="2025-09-04T13:51:53 IST" name="searchByPhone" finished-at="2025-09-04T13:51:53 IST" duration-ms="517" status="PASS">
          <reporter-output>
          </reporter-output>
        </test-method> <!-- searchByPhone -->
        <test-method is-config="true" signature="close()[pri:0, instance:searchbar.SearchBarTests@1f760b47]" started-at="2025-09-04T13:51:53 IST" name="close" finished-at="2025-09-04T13:51:53 IST" duration-ms="154" status="PASS">
          <reporter-output>
          </reporter-output>
        </test-method> <!-- close -->
        <test-method is-config="true" signature="start()[pri:0, instance:searchbar.SearchBarTests@1f760b47]" started-at="2025-09-04T13:51:53 IST" name="start" finished-at="2025-09-04T13:51:56 IST" duration-ms="2970" status="PASS">
          <reporter-output>
          </reporter-output>
        </test-method> <!-- start -->
        <test-method signature="searchByService()[pri:3, instance:searchbar.SearchBarTests@1f760b47]" started-at="2025-09-04T13:51:56 IST" name="searchByService" finished-at="2025-09-04T13:51:57 IST" duration-ms="502" status="PASS">
          <reporter-output>
          </reporter-output>
        </test-method> <!-- searchByService -->
        <test-method is-config="true" signature="close()[pri:0, instance:searchbar.SearchBarTests@1f760b47]" started-at="2025-09-04T13:51:57 IST" name="close" finished-at="2025-09-04T13:51:57 IST" duration-ms="144" status="PASS">
          <reporter-output>
          </reporter-output>
        </test-method> <!-- close -->
        <test-method is-config="true" signature="start()[pri:0, instance:searchbar.SearchBarTests@1f760b47]" started-at="2025-09-04T13:51:57 IST" name="start" finished-at="2025-09-04T13:51:59 IST" duration-ms="1920" status="PASS">
          <reporter-output>
          </reporter-output>
        </test-method> <!-- start -->
        <test-method signature="searchByTaskId()[pri:4, instance:searchbar.SearchBarTests@1f760b47]" started-at="2025-09-04T13:51:59 IST" name="searchByTaskId" finished-at="2025-09-04T13:52:00 IST" duration-ms="1261" status="PASS">
          <reporter-output>
          </reporter-output>
        </test-method> <!-- searchByTaskId -->
        <test-method is-config="true" signature="close()[pri:0, instance:searchbar.SearchBarTests@1f760b47]" started-at="2025-09-04T13:52:00 IST" name="close" finished-at="2025-09-04T13:52:00 IST" duration-ms="164" status="PASS">
          <reporter-output>
          </reporter-output>
        </test-method> <!-- close -->
        <test-method is-config="true" signature="start()[pri:0, instance:searchbar.SearchBarTests@1f760b47]" started-at="2025-09-04T13:52:00 IST" name="start" finished-at="2025-09-04T13:52:02 IST" duration-ms="1989" status="PASS">
          <reporter-output>
          </reporter-output>
        </test-method> <!-- start -->
        <test-method signature="clearSearchButtonTest()[pri:5, instance:searchbar.SearchBarTests@1f760b47]" started-at="2025-09-04T13:52:02 IST" name="clearSearchButtonTest" finished-at="2025-09-04T13:52:04 IST" duration-ms="1778" status="PASS">
          <reporter-output>
          </reporter-output>
        </test-method> <!-- clearSearchButtonTest -->
        <test-method is-config="true" signature="close()[pri:0, instance:searchbar.SearchBarTests@1f760b47]" started-at="2025-09-04T13:52:04 IST" name="close" finished-at="2025-09-04T13:52:04 IST" duration-ms="150" status="PASS">
          <reporter-output>
          </reporter-output>
        </test-method> <!-- close -->
      </class> <!-- searchbar.SearchBarTests -->
      <class name="navigationmenu.NavigationMenuTests">
        <test-method is-config="true" signature="setup()[pri:0, instance:navigationmenu.NavigationMenuTests@3cce57c7]" started-at="2025-09-04T13:52:18 IST" name="setup" finished-at="2025-09-04T13:52:20 IST" duration-ms="1866" status="PASS">
          <reporter-output>
          </reporter-output>
        </test-method> <!-- setup -->
        <test-method signature="navigateToNewLeads()[pri:1, instance:navigationmenu.NavigationMenuTests@3cce57c7]" started-at="2025-09-04T13:52:20 IST" name="navigateToNewLeads" finished-at="2025-09-04T13:52:22 IST" duration-ms="1246" status="PASS">
          <reporter-output>
          </reporter-output>
        </test-method> <!-- navigateToNewLeads -->
        <test-method is-config="true" signature="tearDown()[pri:0, instance:navigationmenu.NavigationMenuTests@3cce57c7]" started-at="2025-09-04T13:52:22 IST" name="tearDown" finished-at="2025-09-04T13:52:22 IST" duration-ms="150" status="PASS">
          <reporter-output>
          </reporter-output>
        </test-method> <!-- tearDown -->
        <test-method is-config="true" signature="setup()[pri:0, instance:navigationmenu.NavigationMenuTests@3cce57c7]" started-at="2025-09-04T13:52:22 IST" name="setup" finished-at="2025-09-04T13:52:24 IST" duration-ms="1897" status="PASS">
          <reporter-output>
          </reporter-output>
        </test-method> <!-- setup -->
        <test-method signature="navigateToAllLeads()[pri:2, instance:navigationmenu.NavigationMenuTests@3cce57c7]" started-at="2025-09-04T13:52:24 IST" name="navigateToAllLeads" finished-at="2025-09-04T13:52:25 IST" duration-ms="1240" status="PASS">
          <reporter-output>
          </reporter-output>
        </test-method> <!-- navigateToAllLeads -->
        <test-method is-config="true" signature="tearDown()[pri:0, instance:navigationmenu.NavigationMenuTests@3cce57c7]" started-at="2025-09-04T13:52:25 IST" name="tearDown" finished-at="2025-09-04T13:52:25 IST" duration-ms="148" status="PASS">
          <reporter-output>
          </reporter-output>
        </test-method> <!-- tearDown -->
        <test-method is-config="true" signature="setup()[pri:0, instance:navigationmenu.NavigationMenuTests@3cce57c7]" started-at="2025-09-04T13:52:25 IST" name="setup" finished-at="2025-09-04T13:52:27 IST" duration-ms="2004" status="PASS">
          <reporter-output>
          </reporter-output>
        </test-method> <!-- setup -->
        <test-method signature="navigateToCustomers()[pri:3, instance:navigationmenu.NavigationMenuTests@3cce57c7]" started-at="2025-09-04T13:52:27 IST" name="navigateToCustomers" finished-at="2025-09-04T13:52:28 IST" duration-ms="1314" status="PASS">
          <reporter-output>
          </reporter-output>
        </test-method> <!-- navigateToCustomers -->
        <test-method is-config="true" signature="tearDown()[pri:0, instance:navigationmenu.NavigationMenuTests@3cce57c7]" started-at="2025-09-04T13:52:28 IST" name="tearDown" finished-at="2025-09-04T13:52:28 IST" duration-ms="169" status="PASS">
          <reporter-output>
          </reporter-output>
        </test-method> <!-- tearDown -->
        <test-method is-config="true" signature="setup()[pri:0, instance:navigationmenu.NavigationMenuTests@3cce57c7]" started-at="2025-09-04T13:52:28 IST" name="setup" finished-at="2025-09-04T13:52:31 IST" duration-ms="2081" status="PASS">
          <reporter-output>
          </reporter-output>
        </test-method> <!-- setup -->
        <test-method signature="navigateToAddServices()[pri:4, instance:navigationmenu.NavigationMenuTests@3cce57c7]" started-at="2025-09-04T13:52:31 IST" name="navigateToAddServices" finished-at="2025-09-04T13:52:32 IST" duration-ms="1305" status="PASS">
          <reporter-output>
          </reporter-output>
        </test-method> <!-- navigateToAddServices -->
        <test-method is-config="true" signature="tearDown()[pri:0, instance:navigationmenu.NavigationMenuTests@3cce57c7]" started-at="2025-09-04T13:52:32 IST" name="tearDown" finished-at="2025-09-04T13:52:32 IST" duration-ms="157" status="PASS">
          <reporter-output>
          </reporter-output>
        </test-method> <!-- tearDown -->
        <test-method is-config="true" signature="setup()[pri:0, instance:navigationmenu.NavigationMenuTests@3cce57c7]" started-at="2025-09-04T13:52:32 IST" name="setup" finished-at="2025-09-04T13:52:35 IST" duration-ms="3044" status="PASS">
          <reporter-output>
          </reporter-output>
        </test-method> <!-- setup -->
        <test-method signature="navigateToAddEmployee()[pri:5, instance:navigationmenu.NavigationMenuTests@3cce57c7]" started-at="2025-09-04T13:52:35 IST" name="navigateToAddEmployee" finished-at="2025-09-04T13:52:35 IST" duration-ms="408" status="PASS">
          <reporter-output>
          </reporter-output>
        </test-method> <!-- navigateToAddEmployee -->
        <test-method is-config="true" signature="tearDown()[pri:0, instance:navigationmenu.NavigationMenuTests@3cce57c7]" started-at="2025-09-04T13:52:35 IST" name="tearDown" finished-at="2025-09-04T13:52:36 IST" duration-ms="158" status="PASS">
          <reporter-output>
          </reporter-output>
        </test-method> <!-- tearDown -->
        <test-method is-config="true" signature="setup()[pri:0, instance:navigationmenu.NavigationMenuTests@3cce57c7]" started-at="2025-09-04T13:52:36 IST" name="setup" finished-at="2025-09-04T13:52:38 IST" duration-ms="1944" status="PASS">
          <reporter-output>
          </reporter-output>
        </test-method> <!-- setup -->
        <test-method signature="navigateToAddTask()[pri:6, instance:navigationmenu.NavigationMenuTests@3cce57c7]" started-at="2025-09-04T13:52:38 IST" name="navigateToAddTask" finished-at="2025-09-04T13:52:39 IST" duration-ms="1293" status="PASS">
          <reporter-output>
          </reporter-output>
        </test-method> <!-- navigateToAddTask -->
        <test-method is-config="true" signature="tearDown()[pri:0, instance:navigationmenu.NavigationMenuTests@3cce57c7]" started-at="2025-09-04T13:52:39 IST" name="tearDown" finished-at="2025-09-04T13:52:39 IST" duration-ms="165" status="PASS">
          <reporter-output>
          </reporter-output>
        </test-method> <!-- tearDown -->
      </class> <!-- navigationmenu.NavigationMenuTests -->
      <class name="login.LoginTests">
        <test-method is-config="true" signature="beforeAllTest()[pri:0, instance:login.LoginTests@4bff7da0]" started-at="2025-09-04T13:51:36 IST" name="beforeAllTest" finished-at="2025-09-04T13:51:37 IST" duration-ms="120" status="PASS">
          <reporter-output>
          </reporter-output>
        </test-method> <!-- beforeAllTest -->
        <test-method is-config="true" signature="start()[pri:0, instance:login.LoginTests@4bff7da0]" started-at="2025-09-04T13:51:37 IST" name="start" finished-at="2025-09-04T13:51:39 IST" duration-ms="2618" status="PASS">
          <reporter-output>
          </reporter-output>
        </test-method> <!-- start -->
        <test-method signature="validLogin()[pri:1, instance:login.LoginTests@4bff7da0]" started-at="2025-09-04T13:51:39 IST" name="validLogin" finished-at="2025-09-04T13:51:40 IST" duration-ms="978" status="PASS">
          <reporter-output>
          </reporter-output>
        </test-method> <!-- validLogin -->
        <test-method is-config="true" signature="close()[pri:0, instance:login.LoginTests@4bff7da0]" started-at="2025-09-04T13:51:40 IST" name="close" finished-at="2025-09-04T13:51:40 IST" duration-ms="224" status="PASS">
          <reporter-output>
          </reporter-output>
        </test-method> <!-- close -->
        <test-method is-config="true" signature="start()[pri:0, instance:login.LoginTests@4bff7da0]" started-at="2025-09-04T13:51:40 IST" name="start" finished-at="2025-09-04T13:51:42 IST" duration-ms="1875" status="PASS">
          <reporter-output>
          </reporter-output>
        </test-method> <!-- start -->
        <test-method signature="invalidLogin()[pri:2, instance:login.LoginTests@4bff7da0]" started-at="2025-09-04T13:51:42 IST" name="invalidLogin" finished-at="2025-09-04T13:51:43 IST" duration-ms="488" status="PASS">
          <reporter-output>
          </reporter-output>
        </test-method> <!-- invalidLogin -->
        <test-method is-config="true" signature="close()[pri:0, instance:login.LoginTests@4bff7da0]" started-at="2025-09-04T13:51:43 IST" name="close" finished-at="2025-09-04T13:51:43 IST" duration-ms="165" status="PASS">
          <reporter-output>
          </reporter-output>
        </test-method> <!-- close -->
        <test-method is-config="true" signature="start()[pri:0, instance:login.LoginTests@4bff7da0]" started-at="2025-09-04T13:51:43 IST" name="start" finished-at="2025-09-04T13:51:44 IST" duration-ms="1511" status="PASS">
          <reporter-output>
          </reporter-output>
        </test-method> <!-- start -->
        <test-method signature="logoutTest()[pri:3, instance:login.LoginTests@4bff7da0]" started-at="2025-09-04T13:51:44 IST" name="logoutTest" finished-at="2025-09-04T13:51:46 IST" duration-ms="1943" status="PASS">
          <reporter-output>
          </reporter-output>
        </test-method> <!-- logoutTest -->
        <test-method is-config="true" signature="close()[pri:0, instance:login.LoginTests@4bff7da0]" started-at="2025-09-04T13:51:46 IST" name="close" finished-at="2025-09-04T13:51:46 IST" duration-ms="152" status="PASS">
          <reporter-output>
          </reporter-output>
        </test-method> <!-- close -->
      </class> <!-- login.LoginTests -->
      <class name="dashboard.DashBoardTests">
        <test-method is-config="true" signature="start()[pri:0, instance:dashboard.DashBoardTests@18ece7f4]" started-at="2025-09-04T13:52:04 IST" name="start" finished-at="2025-09-04T13:52:06 IST" duration-ms="1933" status="PASS">
          <reporter-output>
          </reporter-output>
        </test-method> <!-- start -->
        <test-method signature="totalCustomersWidgetRedirects()[pri:1, instance:dashboard.DashBoardTests@18ece7f4]" started-at="2025-09-04T13:52:06 IST" name="totalCustomersWidgetRedirects" finished-at="2025-09-04T13:52:07 IST" duration-ms="1185" status="PASS">
          <reporter-output>
          </reporter-output>
        </test-method> <!-- totalCustomersWidgetRedirects -->
        <test-method is-config="true" signature="close()[pri:0, instance:dashboard.DashBoardTests@18ece7f4]" started-at="2025-09-04T13:52:07 IST" name="close" finished-at="2025-09-04T13:52:08 IST" duration-ms="153" status="PASS">
          <reporter-output>
          </reporter-output>
        </test-method> <!-- close -->
        <test-method is-config="true" signature="start()[pri:0, instance:dashboard.DashBoardTests@18ece7f4]" started-at="2025-09-04T13:52:08 IST" name="start" finished-at="2025-09-04T13:52:11 IST" duration-ms="3108" status="PASS">
          <reporter-output>
          </reporter-output>
        </test-method> <!-- start -->
        <test-method signature="tasksWidgetRedirects()[pri:2, instance:dashboard.DashBoardTests@18ece7f4]" started-at="2025-09-04T13:52:11 IST" name="tasksWidgetRedirects" finished-at="2025-09-04T13:52:11 IST" duration-ms="445" status="PASS">
          <reporter-output>
          </reporter-output>
        </test-method> <!-- tasksWidgetRedirects -->
        <test-method is-config="true" signature="close()[pri:0, instance:dashboard.DashBoardTests@18ece7f4]" started-at="2025-09-04T13:52:11 IST" name="close" finished-at="2025-09-04T13:52:11 IST" duration-ms="167" status="PASS">
          <reporter-output>
          </reporter-output>
        </test-method> <!-- close -->
        <test-method is-config="true" signature="start()[pri:0, instance:dashboard.DashBoardTests@18ece7f4]" started-at="2025-09-04T13:52:11 IST" name="start" finished-at="2025-09-04T13:52:13 IST" duration-ms="2102" status="PASS">
          <reporter-output>
          </reporter-output>
        </test-method> <!-- start -->
        <test-method signature="employeesWidgetRedirects()[pri:3, instance:dashboard.DashBoardTests@18ece7f4]" started-at="2025-09-04T13:52:13 IST" name="employeesWidgetRedirects" finished-at="2025-09-04T13:52:15 IST" duration-ms="1306" status="PASS">
          <reporter-output>
          </reporter-output>
        </test-method> <!-- employeesWidgetRedirects -->
        <test-method is-config="true" signature="close()[pri:0, instance:dashboard.DashBoardTests@18ece7f4]" started-at="2025-09-04T13:52:15 IST" name="close" finished-at="2025-09-04T13:52:15 IST" duration-ms="154" status="PASS">
          <reporter-output>
          </reporter-output>
        </test-method> <!-- close -->
        <test-method is-config="true" signature="start()[pri:0, instance:dashboard.DashBoardTests@18ece7f4]" started-at="2025-09-04T13:52:15 IST" name="start" finished-at="2025-09-04T13:52:17 IST" duration-ms="2033" status="PASS">
          <reporter-output>
          </reporter-output>
        </test-method> <!-- start -->
        <test-method signature="paymentsWidgetRedirects()[pri:4, instance:dashboard.DashBoardTests@18ece7f4]" started-at="2025-09-04T13:52:17 IST" name="paymentsWidgetRedirects" finished-at="2025-09-04T13:52:18 IST" duration-ms="1354" status="PASS">
          <reporter-output>
          </reporter-output>
        </test-method> <!-- paymentsWidgetRedirects -->
        <test-method is-config="true" signature="close()[pri:0, instance:dashboard.DashBoardTests@18ece7f4]" started-at="2025-09-04T13:52:18 IST" name="close" finished-at="2025-09-04T13:52:18 IST" duration-ms="164" status="PASS">
          <reporter-output>
          </reporter-output>
        </test-method> <!-- close -->
      </class> <!-- dashboard.DashBoardTests -->
    </test> <!-- Test -->
  </suite> <!-- Suite -->
</testng-results>
